<?xml version="1.0" encoding="UTF-8"?>
<!-- Generated by org.testng.reporters.JUnitReportReporter -->
<testsuite hostname="LAPTOP-UU4U0ELH" failures="0" tests="1" name="Rahul_Udemy.Test2" time="0.001" errors="0" timestamp="2022-05-05T23:52:25 IST" skipped="0">
  <testcase classname="Rahul_Udemy.Test2" name="ploan" time="0.001"/>
  <system-out/>
</testsuite> <!-- Rahul_Udemy.Test2 -->
