<?xml version="1.0" encoding="UTF-8"?>
<!-- Generated by org.testng.reporters.JUnitReportReporter -->
<testsuite hostname="LAPTOP-UU4U0ELH" failures="0" tests="1" name="Rahul_Udemy.Test2" time="0.002" errors="0" timestamp="2022-05-11T14:30:01 IST" skipped="0">
  <testcase classname="Rahul_Udemy.Test2" name="ploan" time="0.002"/>
  <system-out/>
</testsuite> <!-- Rahul_Udemy.Test2 -->
