<?xml version="1.0" encoding="UTF-8"?>
<!-- Generated by org.testng.reporters.JUnitReportReporter -->
<testsuite hostname="LAPTOP-UU4U0ELH" failures="0" tests="2" name="Rahul_Udemy.Test1" time="0.007" errors="0" timestamp="2022-05-05T23:52:25 IST" skipped="0">
  <testcase classname="Rahul_Udemy.Test1" name="Demo" time="0.006"/>
  <system-out/>
  <testcase classname="Rahul_Udemy.Test1" name="SecoundTest" time="0.001"/>
  <system-out/>
</testsuite> <!-- Rahul_Udemy.Test1 -->
