<?xml version="1.0" encoding="UTF-8"?>
<!-- Generated by org.testng.reporters.JUnitReportReporter -->
<testsuite hostname="LAPTOP-UU4U0ELH" failures="0" tests="2" name="Rahul_Udemy.Test5" time="0.002" errors="0" timestamp="2022-05-05T23:52:25 IST" skipped="0">
  <testcase classname="Rahul_Udemy.Test5" name="MobileLoginhomeLoan" time="0.001"/>
  <system-out/>
  <testcase classname="Rahul_Udemy.Test5" name="WebHomelogin" time="0.001"/>
  <system-out/>
</testsuite> <!-- Rahul_Udemy.Test5 -->
