<?xml version="1.0" encoding="UTF-8"?>
<!-- Generated by org.testng.reporters.JUnitReportReporter -->
<testsuite hostname="LAPTOP-UU4U0ELH" failures="0" tests="1" name="Com.vtiger.Test.vtiger" time="15.716" errors="0" timestamp="2022-05-06T10:17:44 IST" skipped="0">
  <testcase classname="Com.vtiger.Test.vtiger" name="vtiger" time="15.716"/>
  <system-out/>
</testsuite> <!-- Com.vtiger.Test.vtiger -->
