<?xml version="1.0" encoding="UTF-8"?>
<!-- Generated by org.testng.reporters.JUnitReportReporter -->
<testsuite hostname="LAPTOP-UU4U0ELH" failures="0" tests="2" name="Rahul_Udemy.Test4" time="0.002" errors="0" timestamp="2022-05-11T14:30:01 IST" skipped="0">
  <testcase classname="Rahul_Udemy.Test4" name="MobilesignincarLoan" time="0.001"/>
  <system-out/>
  <testcase classname="Rahul_Udemy.Test4" name="WebLoginlogin" time="0.001"/>
  <system-out/>
</testsuite> <!-- Rahul_Udemy.Test4 -->
