<?xml version="1.0" encoding="UTF-8"?>
<!-- Generated by org.testng.reporters.JUnitReportReporter -->
<testsuite hostname="LAPTOP-UU4U0ELH" failures="0" tests="1" name="Com.Bluestone.Scenarion5_Test" time="15.574" errors="0" timestamp="2022-05-12T12:34:46 IST" skipped="0">
  <testcase classname="Com.Bluestone.Scenarion5_Test" name="Scenarion5_Test" time="15.574"/>
  <system-out/>
</testsuite> <!-- Com.Bluestone.Scenarion5_Test -->
