<?xml version="1.0" encoding="UTF-8"?>
<!-- Generated by org.testng.reporters.JUnitReportReporter -->
<testsuite hostname="LAPTOP-UU4U0ELH" failures="0" tests="1" name="Comw2aPackage.Comtc_25vtiger" time="44.633" errors="0" timestamp="2022-05-15T02:06:25 IST" skipped="0">
  <testcase classname="Comw2aPackage.Comtc_25vtiger" name="Createcontact_org" time="44.633"/>
  <system-out/>
</testsuite> <!-- Comw2aPackage.Comtc_25vtiger -->
