<?xml version="1.0" encoding="UTF-8"?>
<!-- Generated by org.testng.reporters.JUnitReportReporter -->
<testsuite hostname="LAPTOP-UU4U0ELH" failures="0" tests="1" name="Com.Bluestone.com_Bluestone_test8" time="26.312" errors="0" timestamp="2022-05-12T14:21:56 IST" skipped="0">
  <testcase classname="Com.Bluestone.com_Bluestone_test8" name="com_Bluestone_test8" time="26.312"/>
  <system-out/>
</testsuite> <!-- Com.Bluestone.com_Bluestone_test8 -->
