<?xml version="1.0" encoding="UTF-8"?>
<!-- Generated by org.testng.reporters.JUnitReportReporter -->
<testsuite hostname="LAPTOP-UU4U0ELH" failures="0" tests="1" name="DDT_Practise.ReadingDataFromXMLTest" time="0.009" errors="0" timestamp="2022-05-10T21:54:35 IST" skipped="0">
  <testcase classname="DDT_Practise.ReadingDataFromXMLTest" name="ReadingDataFromXMLTest" time="0.009"/>
  <system-out/>
</testsuite> <!-- DDT_Practise.ReadingDataFromXMLTest -->
