<?xml version="1.0" encoding="UTF-8"?>
<!-- Generated by org.testng.reporters.JUnitReportReporter -->
<testsuite hostname="LAPTOP-UU4U0ELH" failures="0" tests="1" name="Com.vtiger.Test.Facbook_Test" time="5.760" errors="0" timestamp="2022-05-06T10:27:25 IST" skipped="0">
  <testcase classname="Com.vtiger.Test.Facbook_Test" name="Facebook" time="5.760"/>
  <system-out/>
</testsuite> <!-- Com.vtiger.Test.Facbook_Test -->
