<?xml version="1.0" encoding="UTF-8"?>
<!-- Generated by org.testng.reporters.JUnitReportReporter -->
<testsuite hostname="LAPTOP-UU4U0ELH" failures="0" tests="1" name="Practise.ReadingDataFromXMLTest" time="0.008" errors="0" timestamp="2022-05-10T21:50:23 IST" skipped="0">
  <testcase classname="Practise.ReadingDataFromXMLTest" name="ReadingDataFromXMLTest" time="0.008"/>
  <system-out/>
</testsuite> <!-- Practise.ReadingDataFromXMLTest -->
