<?xml version="1.0" encoding="UTF-8"?>
<!-- Generated by org.testng.reporters.JUnitReportReporter -->
<testsuite hostname="LAPTOP-UU4U0ELH" failures="0" tests="1" name="Com.vtiger.Test.AMAZON" time="8.692" errors="0" timestamp="2022-05-14T18:23:14 IST" skipped="0">
  <testcase classname="Com.vtiger.Test.AMAZON" name="amazon" time="8.692"/>
  <system-out/>
</testsuite> <!-- Com.vtiger.Test.AMAZON -->
